<?xml version="1.0" encoding="UTF-8"?>
<testng-results ignored="0" total="2" passed="2" failed="0" skipped="0">
  <reporter-output>
  </reporter-output>
  <suite started-at="2022-09-03T18:55:45 IST" name="Default suite" finished-at="2022-09-03T18:55:46 IST" duration-ms="84">
    <groups>
    </groups>
    <test started-at="2022-09-03T18:55:45 IST" name="Default test" finished-at="2022-09-03T18:55:46 IST" duration-ms="84">
      <class name="javaStreams">
        <test-method signature="StreamMap()[pri:0, instance:javaStreams@3e58a80e]" started-at="2022-09-03T18:55:45 IST" name="StreamMap" finished-at="2022-09-03T18:55:46 IST" duration-ms="24" status="PASS">
          <reporter-output>
          </reporter-output>
        </test-method> <!-- StreamMap -->
        <test-method signature="streamCollect()[pri:0, instance:javaStreams@3e58a80e]" started-at="2022-09-03T18:55:46 IST" name="streamCollect" finished-at="2022-09-03T18:55:46 IST" duration-ms="8" status="PASS">
          <reporter-output>
          </reporter-output>
        </test-method> <!-- streamCollect -->
      </class> <!-- javaStreams -->
    </test> <!-- Default test -->
  </suite> <!-- Default suite -->
</testng-results>
